<?xml version="1.0" encoding="UTF-8"?>
<!-- Generated by org.testng.reporters.JUnitXMLReporter -->
<testsuite hostname="DESKTOP-DG8PCMH" ignored="0" name="Test" tests="5" failures="0" timestamp="2021-12-19T18:31:18 IST" time="29.762" errors="0">
  <testcase name="verifyHomePageTitle" time="0.041" classname="com.atipune.pom.tests.HomePageTest"/>
  <testcase name="verifyNewArrivalsDisplayed" time="0.166" classname="com.atipune.pom.tests.HomePageTest"/>
  <testcase name="verifyFirstBookTitle" time="0.047" classname="com.atipune.pom.tests.HomePageTest"/>
  <testcase name="verifySecondBookTitle" time="0.044" classname="com.atipune.pom.tests.HomePageTest"/>
  <testcase name="verifyThrirdBookTitle" time="0.046" classname="com.atipune.pom.tests.HomePageTest"/>
</testsuite> <!-- Test -->
