<?xml version="1.0" encoding="UTF-8"?>
<testsuite xmlns:xsi="http://www.w3.org/2001/XMLSchema-instance" xsi:noNamespaceSchemaLocation="https://maven.apache.org/surefire/maven-surefire-plugin/xsd/surefire-test-report-3.0.xsd" version="3.0" name="TestSuite" time="30.912" tests="5" errors="0" skipped="0" failures="0">
  <properties>
[...]
</properties>
  <testcase name="verifyHomePageTitle" classname="com.atipune.pom.tests.HomePageTest" time="0.021">
    <system-err><![CDATA[Starting ChromeDriver 96.0.4664.45 (76e4c1bb2ab4671b8beba3444e61c0f17584b2fc-refs/branch-heads/4664@{#947}) on port 28153
Only local connections are allowed.
Please see https://chromedriver.chromium.org/security-considerations for suggestions on keeping ChromeDriver safe.
ChromeDriver was started successfully.
Dec 19, 2021 6:30:53 PM org.openqa.selenium.remote.ProtocolHandshake createSession
INFO: Detected dialect: W3C
]]></system-err>
  </testcase>
  <testcase name="verifyNewArrivalsDisplayed" classname="com.atipune.pom.tests.HomePageTest" time="0.164"/>
  <testcase name="verifyFirstBookTitle" classname="com.atipune.pom.tests.HomePageTest" time="0.047"/>
  <testcase name="verifySecondBookTitle" classname="com.atipune.pom.tests.HomePageTest" time="0.045"/>
  <testcase name="verifyThrirdBookTitle" classname="com.atipune.pom.tests.HomePageTest" time="0.046"/>
</testsuite>